[debug] [2026-04-25T05:17:10.676Z] ----------------------------------------------------------------------
[debug] [2026-04-25T05:17:10.680Z] Command:       D:\project\node.exe C:\Users\kavya\AppData\Roaming\npm\node_modules\firebase-tools\lib\bin\firebase.js deploy
[debug] [2026-04-25T05:17:10.680Z] CLI Version:   15.5.1
[debug] [2026-04-25T05:17:10.680Z] Platform:      win32
[debug] [2026-04-25T05:17:10.680Z] Node Version:  v24.13.1
[debug] [2026-04-25T05:17:10.680Z] Time:          Sat Apr 25 2026 10:47:10 GMT+0530 (India Standard Time)
[debug] [2026-04-25T05:17:10.681Z] ----------------------------------------------------------------------
[debug] 
[debug] [2026-04-25T05:17:13.896Z] > command requires scopes: ["email","openid","https://www.googleapis.com/auth/cloudplatformprojects.readonly","https://www.googleapis.com/auth/firebase","https://www.googleapis.com/auth/cloud-platform"]
[debug] [2026-04-25T05:17:13.897Z] > authorizing via signed-in user (geethapersonal2006@gmail.com)
[debug] [2026-04-25T05:17:13.897Z] [iam] checking project geetha-portfolio for permissions ["firebase.projects.get","firebasehosting.sites.update"]
[debug] [2026-04-25T05:17:13.899Z] Checked if tokens are valid: false, expires at: 1777093861814
[debug] [2026-04-25T05:17:13.899Z] Checked if tokens are valid: false, expires at: 1777093861814
[debug] [2026-04-25T05:17:13.899Z] > refreshing access token with scopes: []
[debug] [2026-04-25T05:17:13.902Z] >>> [apiv2][query] POST https://www.googleapis.com/oauth2/v3/token [none]
[debug] [2026-04-25T05:17:13.902Z] >>> [apiv2][body] POST https://www.googleapis.com/oauth2/v3/token [omitted]
[debug] [2026-04-25T05:17:14.478Z] <<< [apiv2][status] POST https://www.googleapis.com/oauth2/v3/token 200
[debug] [2026-04-25T05:17:14.478Z] <<< [apiv2][body] POST https://www.googleapis.com/oauth2/v3/token [omitted]
[debug] [2026-04-25T05:17:14.494Z] >>> [apiv2][query] POST https://cloudresourcemanager.googleapis.com/v1/projects/geetha-portfolio:testIamPermissions [none]
[debug] [2026-04-25T05:17:14.494Z] >>> [apiv2][(partial)header] POST https://cloudresourcemanager.googleapis.com/v1/projects/geetha-portfolio:testIamPermissions  x-goog-user-project=geetha-portfolio
[debug] [2026-04-25T05:17:14.494Z] >>> [apiv2][body] POST https://cloudresourcemanager.googleapis.com/v1/projects/geetha-portfolio:testIamPermissions {"permissions":["firebase.projects.get","firebasehosting.sites.update"]}
[debug] [2026-04-25T05:17:16.303Z] <<< [apiv2][status] POST https://cloudresourcemanager.googleapis.com/v1/projects/geetha-portfolio:testIamPermissions 403
[debug] [2026-04-25T05:17:16.303Z] <<< [apiv2][body] POST https://cloudresourcemanager.googleapis.com/v1/projects/geetha-portfolio:testIamPermissions {"error":{"code":403,"message":"Caller does not have required permission to use project geetha-portfolio. Grant the caller the roles/serviceusage.serviceUsageConsumer role, or a custom role with the serviceusage.services.use permission, by visiting https://console.developers.google.com/iam-admin/iam?project=geetha-portfolio and then retry. Propagation of the new permission may take a few minutes.","status":"PERMISSION_DENIED","details":[{"@type":"type.googleapis.com/google.rpc.ErrorInfo","reason":"USER_PROJECT_DENIED","domain":"googleapis.com","metadata":{"service":"cloudresourcemanager.googleapis.com","consumer":"projects/geetha-portfolio","consoleUrl":"https://console.developers.google.com/iam-admin/iam?project=geetha-portfolio","containerInfo":"geetha-portfolio"}},{"@type":"type.googleapis.com/google.rpc.LocalizedMessage","locale":"en-US","message":"Caller does not have required permission to use project geetha-portfolio. Grant the caller the roles/serviceusage.serviceUsageConsumer role, or a custom role with the serviceusage.services.use permission, by visiting https://console.developers.google.com/iam-admin/iam?project=geetha-portfolio and then retry. Propagation of the new permission may take a few minutes."},{"@type":"type.googleapis.com/google.rpc.Help","links":[{"description":"Google developer console IAM admin","url":"https://console.developers.google.com/iam-admin/iam?project=geetha-portfolio"}]}]}}
[debug] [2026-04-25T05:17:16.304Z] [iam] error while checking permissions, command may fail: Request to https://cloudresourcemanager.googleapis.com/v1/projects/geetha-portfolio:testIamPermissions had HTTP Error: 403, Caller does not have required permission to use project geetha-portfolio. Grant the caller the roles/serviceusage.serviceUsageConsumer role, or a custom role with the serviceusage.services.use permission, by visiting https://console.developers.google.com/iam-admin/iam?project=geetha-portfolio and then retry. Propagation of the new permission may take a few minutes.
[debug] [2026-04-25T05:17:16.305Z] Checked if tokens are valid: true, expires at: 1777097833478
[debug] [2026-04-25T05:17:16.305Z] Checked if tokens are valid: true, expires at: 1777097833478
[debug] [2026-04-25T05:17:16.305Z] >>> [apiv2][query] GET https://firebase.googleapis.com/v1beta1/projects/geetha-portfolio [none]
[debug] [2026-04-25T05:17:17.150Z] <<< [apiv2][status] GET https://firebase.googleapis.com/v1beta1/projects/geetha-portfolio 403
[debug] [2026-04-25T05:17:17.151Z] <<< [apiv2][body] GET https://firebase.googleapis.com/v1beta1/projects/geetha-portfolio {"error":{"code":403,"message":"The caller does not have permission","status":"PERMISSION_DENIED"}}
[debug] [2026-04-25T05:17:17.151Z] Request to https://firebase.googleapis.com/v1beta1/projects/geetha-portfolio had HTTP Error: 403, The caller does not have permission
[debug] [2026-04-25T05:17:17.152Z] FirebaseError: Request to https://firebase.googleapis.com/v1beta1/projects/geetha-portfolio had HTTP Error: 403, The caller does not have permission
    at responseToError (C:\Users\kavya\AppData\Roaming\npm\node_modules\firebase-tools\lib\responseToError.js:53:12)
    at RetryOperation._fn (C:\Users\kavya\AppData\Roaming\npm\node_modules\firebase-tools\lib\apiv2.js:330:77)
    at process.processTicksAndRejections (node:internal/process/task_queues:103:5)
[error] 
[error] Error: Failed to get Firebase project geetha-portfolio. Please make sure the project exists and your account has permission to access it.
